<?xml version="1.0" encoding="UTF-8"?>
<!-- Generated by org.testng.reporters.JUnitXMLReporter -->
<testsuite ignored="1" hostname="Karthick" failures="0" tests="12" name="Test" time="7.252" errors="0" timestamp="22 Feb 2023 14:16:50 GMT">
  <testcase classname="com.testngLearning.DependanciesManagement" name="HighSchool" time="0.003"/>
  <testcase classname="com.testngLearning.DependanciesManagement" name="HighSecondary" time="0.002"/>
  <testcase classname="com.testngLearning.DependanciesManagement" name="Engineering" time="0.002"/>
  <testcase classname="com.testngLearning.SkippedTestCase" name="StartTheCar" time="0.002"/>
  <testcase classname="com.testngLearning.SuiteExample" name="OpenBeing" time="5.505"/>
  <testcase classname="com.testngLearning.SuiteExample" name="OpenGoogle" time="0.067"/>
  <testcase classname="com.testngLearning.SuiteExample" name="OpenYahoo" time="1.623"/>
  <testcase classname="com.testngLearning.PriorityUsingOrder" name="StartTheCar" time="0.001"/>
  <testcase classname="com.testngLearning.SimpleTestCase" name="FirstTest" time="0.001"/>
  <testcase classname="com.testngLearning.SimpleTestCase" name="FourthTest" time="0.001"/>
  <testcase classname="com.testngLearning.SimpleTestCase" name="SecondTest" time="0.001"/>
  <testcase classname="com.testngLearning.SimpleTestCase" name="ThirdTest" time="0.001"/>
  <testcase classname="com.testngLearning.SkippedTestCase" name="PutFourthGear" time="0.0">
    <ignored/>
  </testcase> <!-- PutFourthGear -->
</testsuite> <!-- Test -->
