<?xml version="1.0" encoding="UTF-8"?>
<testng-results ignored="0" total="1" passed="1" failed="0" skipped="0">
  <reporter-output>
  </reporter-output>
  <suite started-at="2023-02-22T16:49:25Z" name="Suite Classes" finished-at="2023-02-22T16:49:25Z" duration-ms="25">
    <groups>
    </groups>
    <test started-at="2023-02-22T16:49:25Z" name="Test Case" finished-at="2023-02-22T16:49:25Z" duration-ms="25">
      <class name="com.testngLearning.SimpleTestCase">
        <test-method signature="FirstTest()[pri:0, instance:com.testngLearning.SimpleTestCase@306cf3ea]" started-at="2023-02-22T16:49:25Z" name="FirstTest" finished-at="2023-02-22T16:49:25Z" duration-ms="8" status="PASS">
          <reporter-output>
          </reporter-output>
        </test-method> <!-- FirstTest -->
      </class> <!-- com.testngLearning.SimpleTestCase -->
    </test> <!-- Test Case -->
  </suite> <!-- Suite Classes -->
</testng-results>
